==773163== Memcheck, a memory error detector
==773163== Copyright (C) 2002-2017, and GNU GPL'd, by Julian Seward et al.
==773163== Using Valgrind-3.18.1-42b08ed5bd-20211015 and LibVEX; rerun with -h for copyright info
==773163== Command: ./philo 5 800 200 200
==773163== Parent PID: 766774
==773163== 
--773163-- 
--773163-- Valgrind options:
--773163--    --leak-check=full
--773163--    --show-leak-kinds=all
--773163--    --track-origins=yes
--773163--    --verbose
--773163--    --log-file=valgrind.log
--773163-- Contents of /proc/version:
--773163--   Linux version 5.15.0-139-generic (buildd@lcy02-amd64-029) (gcc (Ubuntu 11.4.0-1ubuntu1~22.04) 11.4.0, GNU ld (GNU Binutils for Ubuntu) 2.38) #149-Ubuntu SMP Fri Apr 11 22:06:13 UTC 2025
--773163-- 
--773163-- Arch and hwcaps: AMD64, LittleEndian, amd64-cx16-lzcnt-rdtscp-sse3-ssse3-avx-avx2-bmi-f16c-rdrand-rdseed
--773163-- Page sizes: currently 4096, max supported 4096
--773163-- Valgrind library directory: /usr/libexec/valgrind
--773163-- Reading syms from /home/afrikach/42Projects/new_philo/philo
--773163-- Reading syms from /usr/lib/x86_64-linux-gnu/ld-linux-x86-64.so.2
--773163--   Considering /usr/lib/debug/.build-id/e4/de036b19e4768e7591b596c4be9f9015f2d28a.debug ..
--773163--   .. build-id is valid
--773163-- Reading syms from /usr/libexec/valgrind/memcheck-amd64-linux
--773163--    object doesn't have a symbol table
--773163--    object doesn't have a dynamic symbol table
--773163-- Scheduler: using generic scheduler lock implementation.
--773163-- Reading suppressions file: /usr/libexec/valgrind/default.supp
==773163== embedded gdbserver: reading from /tmp/vgdb-pipe-from-vgdb-to-773163-by-afrikach-on-???
==773163== embedded gdbserver: writing to   /tmp/vgdb-pipe-to-vgdb-from-773163-by-afrikach-on-???
==773163== embedded gdbserver: shared mem   /tmp/vgdb-pipe-shared-mem-vgdb-773163-by-afrikach-on-???
==773163== 
==773163== TO CONTROL THIS PROCESS USING vgdb (which you probably
==773163== don't want to do, unless you know exactly what you're doing,
==773163== or are doing some strange experiment):
==773163==   /usr/bin/vgdb --pid=773163 ...command...
==773163== 
==773163== TO DEBUG THIS PROCESS USING GDB: start GDB like this
==773163==   /path/to/gdb ./philo
==773163== and then give GDB the following command
==773163==   target remote | /usr/bin/vgdb --pid=773163
==773163== --pid is optional if only one valgrind process is running
==773163== 
--773163-- REDIR: 0x402aa40 (ld-linux-x86-64.so.2:strlen) redirected to 0x580bcec2 (???)
--773163-- REDIR: 0x402a810 (ld-linux-x86-64.so.2:index) redirected to 0x580bcedc (???)
--773163-- Reading syms from /usr/libexec/valgrind/vgpreload_core-amd64-linux.so
--773163--    object doesn't have a symbol table
--773163-- Reading syms from /usr/libexec/valgrind/vgpreload_memcheck-amd64-linux.so
--773163--    object doesn't have a symbol table
==773163== WARNING: new redirection conflicts with existing -- ignoring it
--773163--     old: 0x0402aa40 (strlen              ) R-> (0000.0) 0x580bcec2 ???
--773163--     new: 0x0402aa40 (strlen              ) R-> (2007.0) 0x0484ee30 strlen
--773163-- REDIR: 0x4027220 (ld-linux-x86-64.so.2:strcmp) redirected to 0x484fcd0 (strcmp)
--773163-- REDIR: 0x402afa0 (ld-linux-x86-64.so.2:mempcpy) redirected to 0x4853840 (mempcpy)
--773163-- Reading syms from /usr/lib/x86_64-linux-gnu/libc.so.6
--773163--   Considering /usr/lib/debug/.build-id/cd/410b710f0f094c6832edd95931006d883af48e.debug ..
--773163--   .. build-id is valid
==773163== WARNING: new redirection conflicts with existing -- ignoring it
--773163--     old: 0x04919c60 (memalign            ) R-> (1011.0) 0x0484e080 memalign
--773163--     new: 0x04919c60 (memalign            ) R-> (1017.0) 0x0484e050 aligned_alloc
==773163== WARNING: new redirection conflicts with existing -- ignoring it
--773163--     old: 0x04919c60 (memalign            ) R-> (1011.0) 0x0484e080 memalign
--773163--     new: 0x04919c60 (memalign            ) R-> (1017.0) 0x0484e020 aligned_alloc
==773163== WARNING: new redirection conflicts with existing -- ignoring it
--773163--     old: 0x04919c60 (memalign            ) R-> (1011.0) 0x0484e080 memalign
--773163--     new: 0x04919c60 (memalign            ) R-> (1017.0) 0x0484e050 aligned_alloc
==773163== WARNING: new redirection conflicts with existing -- ignoring it
--773163--     old: 0x04919c60 (memalign            ) R-> (1011.0) 0x0484e080 memalign
--773163--     new: 0x04919c60 (memalign            ) R-> (1017.0) 0x0484e020 aligned_alloc
--773163-- REDIR: 0x491c720 (libc.so.6:strnlen) redirected to 0x483f220 (_vgnU_ifunc_wrapper)
--773163-- REDIR: 0x491c9e0 (libc.so.6:strpbrk) redirected to 0x483f220 (_vgnU_ifunc_wrapper)
--773163-- REDIR: 0x491c2e0 (libc.so.6:strcmp) redirected to 0x483f220 (_vgnU_ifunc_wrapper)
--773163-- REDIR: 0x493acd0 (libc.so.6:wcsnlen) redirected to 0x483f220 (_vgnU_ifunc_wrapper)
--773163-- REDIR: 0x491d6d0 (libc.so.6:memset) redirected to 0x483f220 (_vgnU_ifunc_wrapper)
--773163-- REDIR: 0x4939540 (libc.so.6:wcslen) redirected to 0x483f220 (_vgnU_ifunc_wrapper)
--773163-- REDIR: 0x491dc10 (libc.so.6:memcpy@@GLIBC_2.14) redirected to 0x483f220 (_vgnU_ifunc_wrapper)
--773163-- REDIR: 0x4939370 (libc.so.6:wcschr) redirected to 0x483f220 (_vgnU_ifunc_wrapper)
--773163-- REDIR: 0x491c260 (libc.so.6:index) redirected to 0x483f220 (_vgnU_ifunc_wrapper)
--773163-- REDIR: 0x491c960 (libc.so.6:rindex) redirected to 0x483f220 (_vgnU_ifunc_wrapper)
--773163-- REDIR: 0x491d5a0 (libc.so.6:memmove) redirected to 0x483f220 (_vgnU_ifunc_wrapper)
==773163== Preferring higher priority redirection:
--773163--     old: 0x04a147c0 (__memcpy_avx_unalign) R-> (2018.0) 0x04850f90 __memcpy_avx_unaligned_erms
--773163--     new: 0x04a147c0 (__memcpy_avx_unalign) R-> (2018.1) 0x04852880 memmove
--773163-- REDIR: 0x49393f0 (libc.so.6:wcscmp) redirected to 0x483f220 (_vgnU_ifunc_wrapper)
--773163-- REDIR: 0x491d9e0 (libc.so.6:stpncpy) redirected to 0x483f220 (_vgnU_ifunc_wrapper)
--773163-- REDIR: 0x49399b0 (libc.so.6:wmemchr) redirected to 0x483f220 (_vgnU_ifunc_wrapper)
--773163-- REDIR: 0x491c830 (libc.so.6:strncmp) redirected to 0x483f220 (_vgnU_ifunc_wrapper)
--773163-- REDIR: 0x491da70 (libc.so.6:strcasecmp) redirected to 0x483f220 (_vgnU_ifunc_wrapper)
--773163-- REDIR: 0x491c420 (libc.so.6:strcspn) redirected to 0x483f220 (_vgnU_ifunc_wrapper)
--773163-- REDIR: 0x4939470 (libc.so.6:wcscpy) redirected to 0x483f220 (_vgnU_ifunc_wrapper)
--773163-- REDIR: 0x491c1d0 (libc.so.6:strcat) redirected to 0x483f220 (_vgnU_ifunc_wrapper)
--773163-- REDIR: 0x491db60 (libc.so.6:strncasecmp_l) redirected to 0x483f220 (_vgnU_ifunc_wrapper)
--773163-- REDIR: 0x491d480 (libc.so.6:bcmp) redirected to 0x483f220 (_vgnU_ifunc_wrapper)
--773163-- REDIR: 0x4925570 (libc.so.6:memrchr) redirected to 0x483f220 (_vgnU_ifunc_wrapper)
--773163-- REDIR: 0x491f010 (libc.so.6:strchrnul) redirected to 0x483f220 (_vgnU_ifunc_wrapper)
--773163-- REDIR: 0x491c390 (libc.so.6:strcpy) redirected to 0x483f220 (_vgnU_ifunc_wrapper)
--773163-- REDIR: 0x491db10 (libc.so.6:strcasecmp_l) redirected to 0x483f220 (_vgnU_ifunc_wrapper)
--773163-- REDIR: 0x491c6a0 (libc.so.6:strlen) redirected to 0x483f220 (_vgnU_ifunc_wrapper)
--773163-- REDIR: 0x491c8d0 (libc.so.6:strncpy) redirected to 0x483f220 (_vgnU_ifunc_wrapper)
--773163-- REDIR: 0x491d950 (libc.so.6:stpcpy) redirected to 0x483f220 (_vgnU_ifunc_wrapper)
--773163-- REDIR: 0x491d3f0 (libc.so.6:memchr) redirected to 0x483f220 (_vgnU_ifunc_wrapper)
--773163-- REDIR: 0x491cb00 (libc.so.6:strspn) redirected to 0x483f220 (_vgnU_ifunc_wrapper)
--773163-- REDIR: 0x491d7d0 (libc.so.6:mempcpy) redirected to 0x483f220 (_vgnU_ifunc_wrapper)
--773163-- REDIR: 0x491dac0 (libc.so.6:strncasecmp) redirected to 0x483f220 (_vgnU_ifunc_wrapper)
--773163-- REDIR: 0x491ef80 (libc.so.6:rawmemchr) redirected to 0x483f220 (_vgnU_ifunc_wrapper)
--773163-- REDIR: 0x4a11610 (libc.so.6:__strrchr_avx2) redirected to 0x484e810 (rindex)
--773163-- REDIR: 0x49190a0 (libc.so.6:malloc) redirected to 0x4848820 (malloc)
--773163-- REDIR: 0x491a520 (libc.so.6:calloc) redirected to 0x484d9d0 (calloc)
--773163-- REDIR: 0x4a11400 (libc.so.6:__strchrnul_avx2) redirected to 0x4853330 (strchrnul)
--773163-- REDIR: 0x4a117e0 (libc.so.6:__strlen_avx2) redirected to 0x484ed10 (strlen)
--773163-- REDIR: 0x4a14780 (libc.so.6:__mempcpy_avx_unaligned_erms) redirected to 0x4853440 (mempcpy)
==773163== 
==773163== Process terminating with default action of signal 2 (SIGINT)
==773163==    at 0x4905117: __futex_abstimed_wait_common64 (futex-internal.c:57)
==773163==    by 0x4905117: __futex_abstimed_wait_common (futex-internal.c:87)
==773163==    by 0x4905117: __futex_abstimed_wait_cancelable64 (futex-internal.c:139)
==773163==    by 0x490A623: __pthread_clockjoin_ex (pthread_join_common.c:105)
==773163==    by 0x401695: main (main.c:91)
==773163== 
==773163== HEAP SUMMARY:
==773163==     in use at exit: 3,312 bytes in 10 blocks
==773163==   total heap usage: 10 allocs, 0 frees, 3,312 bytes allocated
==773163== 
==773163== Searching for pointers to 10 not-freed blocks
==773163== Checked 50,429,896 bytes
==773163== 
==773163== 176 bytes in 1 blocks are still reachable in loss record 1 of 6
==773163==    at 0x4848899: malloc (in /usr/libexec/valgrind/vgpreload_memcheck-amd64-linux.so)
==773163==    by 0x4015B9: main (main.c:78)
==773163== 
==773163== 200 bytes in 1 blocks are still reachable in loss record 2 of 6
==773163==    at 0x4848899: malloc (in /usr/libexec/valgrind/vgpreload_memcheck-amd64-linux.so)
==773163==    by 0x4021FD: init_struct_table (init_struct.c:27)
==773163==    by 0x4015E4: main (main.c:81)
==773163== 
==773163== 272 bytes in 1 blocks are possibly lost in loss record 3 of 6
==773163==    at 0x484DA83: calloc (in /usr/libexec/valgrind/vgpreload_memcheck-amd64-linux.so)
==773163==    by 0x40147D9: calloc (rtld-malloc.h:44)
==773163==    by 0x40147D9: allocate_dtv (dl-tls.c:375)
==773163==    by 0x40147D9: _dl_allocate_tls (dl-tls.c:634)
==773163==    by 0x49097B4: allocate_stack (allocatestack.c:430)
==773163==    by 0x49097B4: pthread_create@@GLIBC_2.34 (pthread_create.c:647)
==773163==    by 0x401688: main (main.c:90)
==773163== 
==773163== 280 bytes in 1 blocks are still reachable in loss record 4 of 6
==773163==    at 0x4848899: malloc (in /usr/libexec/valgrind/vgpreload_memcheck-amd64-linux.so)
==773163==    by 0x4021DF: init_struct_table (init_struct.c:26)
==773163==    by 0x4015E4: main (main.c:81)
==773163== 
==773163== 1,024 bytes in 1 blocks are still reachable in loss record 5 of 6
==773163==    at 0x4848899: malloc (in /usr/libexec/valgrind/vgpreload_memcheck-amd64-linux.so)
==773163==    by 0x48F2BA3: _IO_file_doallocate (filedoalloc.c:101)
==773163==    by 0x4901CDF: _IO_doallocbuf (genops.c:347)
==773163==    by 0x4900F5F: _IO_file_overflow@@GLIBC_2.2.5 (fileops.c:744)
==773163==    by 0x48FF6D4: _IO_new_file_xsputn (fileops.c:1243)
==773163==    by 0x48FF6D4: _IO_file_xsputn@@GLIBC_2.2.5 (fileops.c:1196)
==773163==    by 0x48EB00B: outstring_func (vfprintf-internal.c:239)
==773163==    by 0x48EB00B: __vfprintf_internal (vfprintf-internal.c:1517)
==773163==    by 0x48D479E: printf (printf.c:33)
==773163==    by 0x402598: print_routine_else (print_routine.c:87)
==773163==    by 0x4013AE: philo_routine (main.c:32)
==773163==    by 0x4908AC2: start_thread (pthread_create.c:442)
==773163==    by 0x4999A03: clone (clone.S:100)
==773163== 
==773163== 1,360 bytes in 5 blocks are possibly lost in loss record 6 of 6
==773163==    at 0x484DA83: calloc (in /usr/libexec/valgrind/vgpreload_memcheck-amd64-linux.so)
==773163==    by 0x40147D9: calloc (rtld-malloc.h:44)
==773163==    by 0x40147D9: allocate_dtv (dl-tls.c:375)
==773163==    by 0x40147D9: _dl_allocate_tls (dl-tls.c:634)
==773163==    by 0x49097B4: allocate_stack (allocatestack.c:430)
==773163==    by 0x49097B4: pthread_create@@GLIBC_2.34 (pthread_create.c:647)
==773163==    by 0x40165F: main (main.c:86)
==773163== 
==773163== LEAK SUMMARY:
==773163==    definitely lost: 0 bytes in 0 blocks
==773163==    indirectly lost: 0 bytes in 0 blocks
==773163==      possibly lost: 1,632 bytes in 6 blocks
==773163==    still reachable: 1,680 bytes in 4 blocks
==773163==         suppressed: 0 bytes in 0 blocks
==773163== 
==773163== ERROR SUMMARY: 2 errors from 2 contexts (suppressed: 0 from 0)
